<?xml version="1.0" encoding="UTF-8"?>
<!-- Generated by org.testng.reporters.JUnitXMLReporter -->
<testsuite hostname="Kaligor-PC" ignored="0" name="Test In Chrome" tests="11" failures="0" timestamp="09 июл 2017 21:41:04 GMT" time="52.552" errors="0">
  <testcase name="checkLoginToYandex" time="1.741" classname="swd_tests_yandex_mail_page_object.YandexSimpleTests"/>
  <testcase name="checkWriteSaveLetter" time="3.501" classname="swd_tests_yandex_mail_page_object.YandexSimpleTests"/>
  <testcase name="checkWriteSaveLetter" time="2.98" classname="swd_tests_yandex_mail_page_object.YandexSimpleTests"/>
  <testcase name="checkSendCurrentLetter" time="14.085" classname="swd_tests_yandex_mail_page_object.YandexSimpleTests"/>
  <testcase name="checkSendCurrentLetter" time="14.98" classname="swd_tests_yandex_mail_page_object.YandexSimpleTests"/>
  <testcase name="checkSendAllLetter" time="0.064" classname="swd_tests_yandex_mail_page_object.YandexSimpleTests"/>
  <testcase name="checkSentMessages" time="0.233" classname="swd_tests_yandex_mail_page_object.YandexSimpleTests"/>
  <testcase name="checkSentMessages" time="0.038" classname="swd_tests_yandex_mail_page_object.YandexSimpleTests"/>
  <testcase name="checkDeleteAllLetter" time="0.227" classname="swd_tests_yandex_mail_page_object.YandexSimpleTests"/>
  <testcase name="checkLogOut1" time="0.073" classname="swd_tests_yandex_mail_page_object.YandexSimpleTests"/>
  <testcase name="checkLogOut2" time="0.186" classname="swd_tests_yandex_mail_page_object.YandexSimpleTests"/>
</testsuite> <!-- Test In Chrome -->
