<?xml version="1.0" encoding="UTF-8"?>
<!-- Generated by org.testng.reporters.JUnitXMLReporter -->
<testsuite hostname="Kaligor-PC" ignored="0" name="Test In Firefox" tests="2" failures="0" timestamp="09 июл 2017 21:46:36 GMT" time="38.623" errors="0">
  <testcase name="checkMoveInSpam" time="0.957" classname="swd_tests_yandex_mail_page_object.ActionWithTargets"/>
  <testcase name="checkCleanSpam" time="8.389" classname="swd_tests_yandex_mail_page_object.ActionWithTargets"/>
</testsuite> <!-- Test In Firefox -->
